<?xml version="1.0" encoding="UTF-8"?>
<!-- Generated by org.testng.reporters.JUnitReportReporter -->
<testsuite hostname="DESKTOP-J8OHI1I" failures="0" tests="1" name="org.apache.maven.archetypes.maven_archetype_quickstart.TC1_Registration" time="12.065" errors="0" timestamp="2024-10-17T12:57:23 IST" skipped="0">
  <testcase classname="org.apache.maven.archetypes.maven_archetype_quickstart.TC1_Registration" name="Registration" time="12.065">
    <system-out>
      <![CDATA[My test case is pass]]>
    </system-out>
  </testcase> <!-- Registration -->
  <system-out>
    <![CDATA[After typing email continue btn is working
My TestCase is fail
After typing email continue btn is working
My TestCase is fail
After typing email continue btn is working
My test case is pass
After typing email continue btn is working
My test case is pass
After typing email continue btn is working
My TestCase is fail
Erroe message is displayed
My TestCase is fail
After typing email continue btn is working
My test case is pass
After typing email continue btn is working
My test case is pass
After typing email continue btn is working
My TestCase is fail
My test case is pass
After typing email continue btn is working
My TestCase is fail
After typing email continue btn is working
My TestCase is fail
After typing email continue btn is working
My test case is pass]]>
  </system-out>
</testsuite> <!-- org.apache.maven.archetypes.maven_archetype_quickstart.TC1_Registration -->
