<?xml version="1.0" encoding="UTF-8"?>
<!-- Generated by org.testng.reporters.JUnitReportReporter -->
<testsuite hostname="DESKTOP-J8OHI1I" failures="0" tests="1" name="MavenProjects.Selenium.Project1.Amazon_TestCase6" time="22.737" errors="0" timestamp="2024-09-27T22:07:05 IST" skipped="0">
  <testcase classname="MavenProjects.Selenium.Project1.Amazon_TestCase6" name="Sorted" time="22.737"/>
  <system-out/>
</testsuite> <!-- MavenProjects.Selenium.Project1.Amazon_TestCase6 -->
