<?xml version="1.0" encoding="UTF-8"?>
<!-- Generated by org.testng.reporters.JUnitReportReporter -->
<testsuite hostname="DESKTOP-J8OHI1I" failures="0" tests="1" name="MavenProjects.Selenium.Project1.Amazon_TestCase8" time="47.672" errors="0" timestamp="2024-09-27T15:49:18 IST" skipped="0">
  <testcase classname="MavenProjects.Selenium.Project1.Amazon_TestCase8" name="Checkoutprocess" time="47.672"/>
  <system-out/>
</testsuite> <!-- MavenProjects.Selenium.Project1.Amazon_TestCase8 -->
