<?xml version="1.0" encoding="UTF-8"?>
<!-- Generated by org.testng.reporters.JUnitReportReporter -->
<testsuite hostname="DESKTOP-J8OHI1I" failures="0" tests="1" name="MavenProjects.Selenium.Project1.WithoutLogin_TestCase10" time="30.015" errors="0" timestamp="2024-09-28T16:09:35 IST" skipped="0">
  <testcase classname="MavenProjects.Selenium.Project1.WithoutLogin_TestCase10" name="WithLogin" time="30.015"/>
  <system-out>
    <![CDATA[My test case is pass]]>
  </system-out>
</testsuite> <!-- MavenProjects.Selenium.Project1.WithoutLogin_TestCase10 -->
