<?xml version="1.0" encoding="UTF-8"?>
<!-- Generated by org.testng.reporters.JUnitReportReporter -->
<testsuite hostname="DESKTOP-J8OHI1I" failures="0" tests="1" name="MavenProjects.Selenium.Project1.Amazon_TestCase7" time="32.665" errors="0" timestamp="2024-09-26T17:13:08 IST" skipped="0">
  <testcase classname="MavenProjects.Selenium.Project1.Amazon_TestCase7" name="updateitem" time="32.665"/>
  <system-out/>
</testsuite> <!-- MavenProjects.Selenium.Project1.Amazon_TestCase7 -->
