<?xml version="1.0" encoding="UTF-8"?>
<!-- Generated by org.testng.reporters.JUnitReportReporter -->
<testsuite hostname="DESKTOP-J8OHI1I" failures="0" tests="3" name="MavenProjects.Selenium.Project1.Amazon_Testcase3" time="8.031" errors="0" timestamp="2024-09-28T10:12:32 IST" skipped="2">
  <testcase classname="MavenProjects.Selenium.Project1.Amazon_Testcase3" name="InvalidLogin" time="8.031"/>
  <system-out/>
  <testcase classname="MavenProjects.Selenium.Project1.Amazon_Testcase3" name="Login_Page">
    <skipped/>
  </testcase> <!-- Login_Page -->
  <system-out/>
  <testcase classname="MavenProjects.Selenium.Project1.Amazon_Testcase3" name="Profile_update">
    <skipped/>
  </testcase> <!-- Profile_update -->
  <system-out/>
</testsuite> <!-- MavenProjects.Selenium.Project1.Amazon_Testcase3 -->
