<?xml version="1.0" encoding="UTF-8"?>
<!-- Generated by org.testng.reporters.JUnitReportReporter -->
<testsuite hostname="DESKTOP-J8OHI1I" failures="0" tests="2" name="MavenProjects.Selenium.Project1.Amazon_TestCase2" time="9.245" errors="0" timestamp="2024-09-28T10:10:43 IST" skipped="1">
  <testcase classname="MavenProjects.Selenium.Project1.Amazon_TestCase2" name="Login_Page" time="9.245"/>
  <system-out/>
  <testcase classname="MavenProjects.Selenium.Project1.Amazon_TestCase2" name="InvalidLogin">
    <skipped/>
  </testcase> <!-- InvalidLogin -->
  <system-out/>
</testsuite> <!-- MavenProjects.Selenium.Project1.Amazon_TestCase2 -->
