<?xml version="1.0" encoding="UTF-8"?>
<!-- Generated by org.testng.reporters.JUnitReportReporter -->
<testsuite hostname="DESKTOP-J8OHI1I" failures="0" tests="1" name="MavenProjects.Selenium.Project1.Amazon_TestCase5" time="29.755" errors="0" timestamp="2024-09-26T18:46:54 IST" skipped="0">
  <testcase classname="MavenProjects.Selenium.Project1.Amazon_TestCase5" name="productdescription" time="29.755"/>
  <system-out/>
</testsuite> <!-- MavenProjects.Selenium.Project1.Amazon_TestCase5 -->
